[2025-06-23 19:37:01] 开始录音 (5秒)...
[2025-06-23 19:37:01] ✅ 录音完成: recording.mp3
[2025-06-23 19:37:01] 开始语音识别...
high latency request: exec httpCode: 200, requestId: c0501593c5f51bb68593c5f-b7f1a96-1uTfTz-PuO-cb-tos-1az-front-aza-1, usedTime: 0.8438923950006938 s
[2025-06-23 19:37:05] ✅ 识别文本: ✅ 本地文件 recording.mp3 已成功上传至TOS
✅ 提交语音识别任务，任务ID: 9f66af28-5611-4460-83db-aaaea3abee04
✅ 任务提交成功，状态码: 20000000
任务日志ID: 20250623193704C7FFBEA5E2C8E6FC0A45

⏳ 等待语音识别结果... (每1秒查询一次)
ℹ️ 查询任务状态，状态码: 45000002
任务消息: [Empty audio] OperatorWrapper Process failed: invalid argument,empty audio


❌ 语音识别任务失败，请检查配置或文件格式
[2025-06-23 19:37:05] 开始科室推荐...
[2025-06-23 19:37:10] 清理临时文件...
[2025-06-23 19:37:10] ✅ 清理完成
[2025-06-23 19:37:10] ===== 处理完成 =====
[2025-06-23 19:58:30] 开始录音 (5秒)...
[2025-06-23 19:58:30] ✅ 录音完成: recording.mp3
[2025-06-23 19:58:30] 开始语音识别...
high latency request: exec httpCode: 200, requestId: e03d0159416739e368594167-be8d576-1uTfol-PuO-cb-tos-1az-front-azc-2, usedTime: 0.551141529999768 s
[2025-06-23 19:58:32] ✅ 识别文本: ✅ 本地文件 recording.mp3 已成功上传至TOS
✅ 提交语音识别任务，任务ID: 98aae73d-8508-4dde-9207-184ace89cd37
✅ 任务提交成功，状态码: 20000000
任务日志ID: 20250623195832FDF29815F7A3870297CA

⏳ 等待语音识别结果... (每1秒查询一次)
ℹ️ 查询任务状态，状态码: 45000002
任务消息: [Empty audio] OperatorWrapper Process failed: invalid argument,empty audio


❌ 语音识别任务失败，请检查配置或文件格式
[2025-06-23 19:58:32] 开始科室推荐...
[2025-06-23 19:58:36] 清理临时文件...
[2025-06-23 19:58:36] ✅ 清理完成
[2025-06-23 19:58:36] ===== 处理完成 =====
[2025-06-23 20:01:33] 启动目标文件监听服务...
[2025-06-23 20:01:33] 开始录音 (5秒)...
[2025-06-23 20:01:33] ✅ 录音完成: recording.mp3
[2025-06-23 20:01:33] 开始语音识别...
high latency request: exec httpCode: 200, requestId: 39480159421fd3856859421f-bb25a7e-1uTfrj-PuO-cb-tos-1az-front-azc-2, usedTime: 0.5552126480006336 s
[2025-06-23 20:01:36] ✅ 识别文本: ✅ 本地文件 recording.mp3 已成功上传至TOS
✅ 提交语音识别任务，任务ID: 31d1e590-0d4f-4f3b-8742-47f9bb191405
✅ 任务提交成功，状态码: 20000000
任务日志ID: 2025062320013507725FA033CC9C3966EF

⏳ 等待语音识别结果... (每1秒查询一次)
ℹ️ 查询任务状态，状态码: 45000002
任务消息: [Empty audio] OperatorWrapper Process failed: invalid argument,empty audio


❌ 语音识别任务失败，请检查配置或文件格式
[2025-06-23 20:01:36] 开始科室推荐...
[2025-06-23 20:01:40] 清理临时文件...
[2025-06-23 20:01:40] ✅ 清理完成
[2025-06-23 20:01:40] ===== 处理完成 =====
[2025-06-23 20:02:49] 启动目标文件监听服务...
[2025-06-23 20:02:49] 开始录音 (5秒)...
[2025-06-23 20:02:54] ✅ 录音完成: recording.mp3
[2025-06-23 20:02:54] 开始语音识别...
[2025-06-23 20:02:59] ✅ 识别文本: ✅ 本地文件 recording.mp3 已成功上传至TOS
✅ 提交语音识别任务，任务ID: 4e319c39-cd96-4fbc-a793-246970a20051
✅ 任务提交成功，状态码: 20000000
任务日志ID: 202506232002569756F9A5B5A775195BFF

⏳ 等待语音识别结果... (每1秒查询一次)
ℹ️ 查询任务状态，状态码: 20000001
任务消息: [Processing in progress] Handle response: Start Processing

ℹ️ 查询任务状态，状态码: 20000000
任务消息: OK


✅ 语音识别完成！结果如下：
你好，我眼睛有点不舒服。
[2025-06-23 20:02:59] 开始科室推荐...
[2025-06-23 20:03:02] 清理临时文件...
[2025-06-23 20:03:02] ✅ 清理完成
[2025-06-23 20:03:02] ===== 处理完成 =====
[2025-06-23 21:11:16] 启动目标文件监听服务...
[2025-06-23 21:11:16] 开始录音 (5秒)...
[2025-06-23 21:11:21] ✅ 录音完成: recording.mp3
[2025-06-23 21:11:21] 开始语音识别...
[2025-06-23 21:11:26] ✅ 识别文本: ✅ 本地文件 recording.mp3 已成功上传至TOS
✅ 提交语音识别任务，任务ID: 023f2ea3-1ea8-4c67-b2ee-76200b980f2f
✅ 任务提交成功，状态码: 20000000
任务日志ID: 20250623211123521259026A6C994F8209

⏳ 等待语音识别结果... (每1秒查询一次)
ℹ️ 查询任务状态，状态码: 20000001
任务消息: [Processing in progress] Handle response: Start Processing

ℹ️ 查询任务状态，状态码: 20000000
任务消息: OK


✅ 语音识别完成！结果如下：
我的眼睛不太舒服。
[2025-06-23 21:11:26] 开始科室推荐...
[2025-06-23 21:11:30] 清理临时文件...
[2025-06-23 21:11:30] ✅ 清理完成
[2025-06-23 21:11:30] ===== 处理完成 =====
[2025-06-24 15:27:36] 启动目标文件监听服务...
[2025-06-24 15:27:36] 开始录音 (5秒)...
[2025-06-24 15:27:41] ✅ 录音完成: recording.mp3
[2025-06-24 15:27:41] 开始语音识别...
[2025-06-24 15:27:47] ✅ 识别文本: ✅ 本地文件 recording.mp3 已成功上传至TOS
✅ 提交语音识别任务，任务ID: c1b9367d-9994-4678-a0e0-0482a399e87c
✅ 任务提交成功，状态码: 20000000
任务日志ID: 20250624152744F98BE42906A2541DDDFE

⏳ 等待语音识别结果... (每1秒查询一次)
ℹ️ 查询任务状态，状态码: 20000001
任务消息: [Processing in progress] Handle response: Start Processing

ℹ️ 查询任务状态，状态码: 20000000
任务消息: OK


✅ 语音识别完成！结果如下：
我的眼睛不太舒服。
[2025-06-24 15:27:47] 开始科室推荐...
[2025-06-24 15:27:51] 清理临时文件...
[2025-06-24 15:27:51] ✅ 清理完成
[2025-06-24 15:27:51] ===== 处理完成 =====
[2025-06-24 15:29:41] 启动目标文件监听服务...
[2025-06-24 15:29:41] 开始录音 (5秒)...
[2025-06-24 15:29:47] ✅ 录音完成: recording.mp3
[2025-06-24 15:29:47] 开始语音识别...
[2025-06-24 15:29:52] ✅ 识别文本: ✅ 本地文件 recording.mp3 已成功上传至TOS
✅ 提交语音识别任务，任务ID: bb3503d1-0c68-4198-bf21-4364dd451814
✅ 任务提交成功，状态码: 20000000
任务日志ID: 202506241529494C42F76638D6A1422B78

⏳ 等待语音识别结果... (每1秒查询一次)
ℹ️ 查询任务状态，状态码: 20000001
任务消息: [Processing in progress] Handle response: Start Processing

ℹ️ 查询任务状态，状态码: 20000000
任务消息: OK


✅ 语音识别完成！结果如下：
我的腿不太舒服。
[2025-06-24 15:29:52] 开始科室推荐...
[2025-06-24 15:29:56] 清理临时文件...
[2025-06-24 15:29:56] ✅ 清理完成
[2025-06-24 15:29:56] ===== 处理完成 =====
[2025-06-24 15:30:08] 启动目标文件监听服务...
[2025-06-24 15:30:08] 开始录音 (5秒)...
[2025-06-24 15:30:13] ✅ 录音完成: recording.mp3
[2025-06-24 15:30:13] 开始语音识别...
[2025-06-24 15:30:18] ✅ 识别文本: ✅ 本地文件 recording.mp3 已成功上传至TOS
✅ 提交语音识别任务，任务ID: 31eac4ad-de0c-489f-888b-2128be8b4bbd
✅ 任务提交成功，状态码: 20000000
任务日志ID: 20250624153015EACF630C761F375135FA

⏳ 等待语音识别结果... (每1秒查询一次)
ℹ️ 查询任务状态，状态码: 20000001
任务消息: [Processing in progress] Handle response: Start Processing

ℹ️ 查询任务状态，状态码: 20000000
任务消息: OK


✅ 语音识别完成！结果如下：
我想去骨科。
[2025-06-24 15:30:18] 开始科室推荐...
[2025-06-24 15:30:22] 清理临时文件...
[2025-06-24 15:30:22] ✅ 清理完成
[2025-06-24 15:30:22] ===== 处理完成 =====
[2025-06-24 15:32:06] 启动目标文件监听服务...
[2025-06-24 15:32:06] 开始录音 (5秒)...
[2025-06-24 15:32:11] ✅ 录音完成: recording.mp3
[2025-06-24 15:32:11] 开始语音识别...
[2025-06-24 15:32:16] ✅ 识别文本: ✅ 本地文件 recording.mp3 已成功上传至TOS
✅ 提交语音识别任务，任务ID: 5c4d60ec-36a4-4b91-ba2a-7775d9fcc2a1
✅ 任务提交成功，状态码: 20000000
任务日志ID: 20250624153213B56245539DB36F406C59

⏳ 等待语音识别结果... (每1秒查询一次)
ℹ️ 查询任务状态，状态码: 20000001
任务消息: [Processing in progress] Handle response: Start Processing

ℹ️ 查询任务状态，状态码: 20000000
任务消息: OK


✅ 语音识别完成！结果如下：
我想去眼科。
[2025-06-24 15:32:16] 开始科室推荐...
[2025-06-24 15:32:20] 清理临时文件...
[2025-06-24 15:32:20] ✅ 清理完成
[2025-06-24 15:32:20] ===== 处理完成 =====
[2025-06-24 15:35:56] 启动目标文件监听服务...
[2025-06-24 15:35:56] 开始录音 (5秒)...
[2025-06-24 15:36:01] ✅ 录音完成: recording.mp3
[2025-06-24 15:36:01] 开始语音识别...
[2025-06-24 15:36:06] ✅ 识别文本: ✅ 本地文件 recording.mp3 已成功上传至TOS
✅ 提交语音识别任务，任务ID: b46e48bd-b0e1-4c21-9c50-9f237ecc2426
✅ 任务提交成功，状态码: 20000000
任务日志ID: 20250624153604D915201B1600577B2547

⏳ 等待语音识别结果... (每1秒查询一次)
ℹ️ 查询任务状态，状态码: 20000001
任务消息: [Processing in progress] Handle response: Start Processing

ℹ️ 查询任务状态，状态码: 20000000
任务消息: OK


✅ 语音识别完成！结果如下：
我的眼睛不太舒服。看一下他。
[2025-06-24 15:36:06] 开始科室推荐...
[2025-06-24 15:36:10] 清理临时文件...
[2025-06-24 15:36:10] ✅ 清理完成
[2025-06-24 15:36:10] ===== 处理完成 =====
[2025-06-24 15:40:31] 启动目标文件监听服务...
[2025-06-24 15:40:31] 开始录音 (5秒)...
[2025-06-24 15:40:36] ✅ 录音完成: recording.mp3
[2025-06-24 15:40:36] 开始语音识别...
[2025-06-24 15:40:39] ✅ 识别文本: ✅ 本地文件 recording.mp3 已成功上传至TOS
✅ 提交语音识别任务，任务ID: 56a006bc-c6dd-405c-b624-894cbc8e822c
✅ 任务提交成功，状态码: 20000000
任务日志ID: 20250624154038EFFF52F3B168C7418A32

⏳ 等待语音识别结果... (每1秒查询一次)
ℹ️ 查询任务状态，状态码: 20000003
任务消息: [Normal silence audio] Handle response: no valid speech in audio


❌ 语音识别任务失败，请检查配置或文件格式
[2025-06-24 15:40:39] 开始科室推荐...
[2025-06-24 15:40:43] 清理临时文件...
[2025-06-24 15:40:43] ✅ 清理完成
[2025-06-24 15:40:43] ===== 处理完成 =====
[2025-06-24 15:40:47] 启动目标文件监听服务...
[2025-06-24 15:40:47] 开始录音 (5秒)...
[2025-06-24 15:40:52] ✅ 录音完成: recording.mp3
[2025-06-24 15:40:52] 开始语音识别...
[2025-06-24 15:40:57] ✅ 识别文本: ✅ 本地文件 recording.mp3 已成功上传至TOS
✅ 提交语音识别任务，任务ID: 64606f7b-cbdc-478a-8083-179380757da8
✅ 任务提交成功，状态码: 20000000
任务日志ID: 202506241540540A5FC700A8E236557866

⏳ 等待语音识别结果... (每1秒查询一次)
ℹ️ 查询任务状态，状态码: 20000001
任务消息: [Processing in progress] Handle response: Start Processing

ℹ️ 查询任务状态，状态码: 20000000
任务消息: OK


✅ 语音识别完成！结果如下：
我的眼睛不太舒服。
[2025-06-24 15:40:57] 开始科室推荐...
[2025-06-24 15:41:01] 清理临时文件...
[2025-06-24 15:41:01] ✅ 清理完成
[2025-06-24 15:41:01] ===== 处理完成 =====
[2025-06-24 16:04:00] 尝试终止旧的导航节点（send_goal_node）...
[2025-06-24 16:04:00] 启动目标文件监听服务...
[2025-06-24 16:04:00] 开始录音 (5秒)...
[2025-06-24 16:04:05] ✅ 录音完成: recording.mp3
[2025-06-24 16:04:05] 开始语音识别...
[2025-06-24 16:04:10] ✅ 识别文本: ✅ 本地文件 recording.mp3 已成功上传至TOS
✅ 提交语音识别任务，任务ID: 26a4b990-fae2-4c6f-a4e4-ae922ae6e09b
✅ 任务提交成功，状态码: 20000000
任务日志ID: 202506241604072CBE42B06348D954A102

⏳ 等待语音识别结果... (每1秒查询一次)
ℹ️ 查询任务状态，状态码: 20000001
任务消息: [Processing in progress] Handle response: Start Processing

ℹ️ 查询任务状态，状态码: 20000000
任务消息: OK


✅ 语音识别完成！结果如下：
我的眼睛不太舒服。
[2025-06-24 16:04:10] 开始科室推荐...
[2025-06-24 16:04:14] 清理临时文件...
[2025-06-24 16:04:14] ✅ 清理完成
[2025-06-24 16:04:14] ===== 处理完成 =====
[2025-06-24 16:06:12] 尝试终止旧的导航节点（send_goal_node）...
[2025-06-24 16:06:12] 启动目标文件监听服务...
[2025-06-24 16:06:12] 开始录音 (5秒)...
[2025-06-24 16:06:17] ✅ 录音完成: recording.mp3
[2025-06-24 16:06:17] 开始语音识别...
[2025-06-24 16:06:21] ✅ 识别文本: ✅ 本地文件 recording.mp3 已成功上传至TOS
✅ 提交语音识别任务，任务ID: 1064df0e-e6d4-4346-a585-92259d0a133c
✅ 任务提交成功，状态码: 20000000
任务日志ID: 20250624160619FF85A0F85A73DC1A4C3F

⏳ 等待语音识别结果... (每1秒查询一次)
ℹ️ 查询任务状态，状态码: 20000000
任务消息: OK


✅ 语音识别完成！结果如下：
我想要去骨科。
[2025-06-24 16:06:21] 开始科室推荐...
[2025-06-24 16:06:24] 清理临时文件...
[2025-06-24 16:06:24] ✅ 清理完成
[2025-06-24 16:06:24] ===== 处理完成 =====
[2025-06-24 16:27:58] 尝试终止旧的导航节点（send_goal_node）...
[2025-06-24 16:27:58] 启动目标文件监听服务...
[2025-06-24 16:27:58] 开始录音 (5秒)...
[2025-06-24 16:27:58] ✅ 录音完成: recording.mp3
[2025-06-24 16:27:58] 开始语音识别...
high latency request: exec httpCode: 200, requestId: e03d015a6190b8db685a6190-be8d576-1uTz0a-PuO-cb-tos-1az-front-azc-2, usedTime: 0.8193334229999891 s
[2025-06-24 16:28:01] ✅ 识别文本: ✅ 本地文件 recording.mp3 已成功上传至TOS
✅ 提交语音识别任务，任务ID: d9a7df1f-103b-45e5-8f30-cbb4414183b5
✅ 任务提交成功，状态码: 20000000
任务日志ID: 20250624162801B006237C861F20558595

⏳ 等待语音识别结果... (每1秒查询一次)
ℹ️ 查询任务状态，状态码: 45000002
任务消息: [Empty audio] OperatorWrapper Process failed: invalid argument,empty audio


❌ 语音识别任务失败，请检查配置或文件格式
[2025-06-24 16:28:01] 开始科室推荐...
[2025-06-24 16:28:06] 清理临时文件...
[2025-06-24 16:28:06] ✅ 清理完成
[2025-06-24 16:28:06] ===== 处理完成 =====
[2025-06-24 16:29:52] 尝试终止旧的导航节点（send_goal_node）...
[2025-06-24 16:29:52] 启动目标文件监听服务...
[2025-06-24 16:29:52] 开始录音 (5秒)...
[2025-06-24 16:29:58] ✅ 录音完成: recording.mp3
[2025-06-24 16:29:58] 开始语音识别...
[2025-06-24 16:30:03] ✅ 识别文本: ✅ 本地文件 recording.mp3 已成功上传至TOS
✅ 提交语音识别任务，任务ID: cf6fb057-ed0b-4cb2-95eb-2a1166f9b584
✅ 任务提交成功，状态码: 20000000
任务日志ID: 2025062416300037BDA6BCE8869673CD30

⏳ 等待语音识别结果... (每1秒查询一次)
ℹ️ 查询任务状态，状态码: 20000001
任务消息: [Processing in progress] Handle response: Start Processing

ℹ️ 查询任务状态，状态码: 20000000
任务消息: OK


✅ 语音识别完成！结果如下：
我想要去眼科。
[2025-06-24 16:30:03] 开始科室推荐...
[2025-06-24 16:30:07] 清理临时文件...
[2025-06-24 16:30:07] ✅ 清理完成
[2025-06-24 16:30:07] ===== 处理完成 =====
[2025-06-24 16:31:23] 尝试终止旧的导航节点（send_goal_node）...
[2025-06-24 16:31:23] 启动目标文件监听服务...
[2025-06-24 16:31:23] 开始录音 (5秒)...
[2025-06-24 16:31:28] ✅ 录音完成: recording.mp3
[2025-06-24 16:31:28] 开始语音识别...
[2025-06-24 16:31:34] ✅ 识别文本: ✅ 本地文件 recording.mp3 已成功上传至TOS
✅ 提交语音识别任务，任务ID: 4126b72a-9fef-43f2-a4e7-22422220ee3e
✅ 任务提交成功，状态码: 20000000
任务日志ID: 202506241631314DFFC79480630191AEDA

⏳ 等待语音识别结果... (每1秒查询一次)
ℹ️ 查询任务状态，状态码: 20000001
任务消息: [Processing in progress] Handle response: Start Processing

ℹ️ 查询任务状态，状态码: 20000000
任务消息: OK


✅ 语音识别完成！结果如下：
我想要去骨科。
[2025-06-24 16:31:34] 开始科室推荐...
[2025-06-24 16:31:38] 清理临时文件...
[2025-06-24 16:31:38] ✅ 清理完成
[2025-06-24 16:31:38] ===== 处理完成 =====
[2025-06-24 16:32:51] 尝试终止旧的导航节点（send_goal_node）...
[2025-06-24 16:32:51] 启动目标文件监听服务...
[2025-06-24 16:32:51] 开始录音 (5秒)...
[2025-06-24 16:32:56] ✅ 录音完成: recording.mp3
[2025-06-24 16:32:56] 开始语音识别...
[2025-06-24 16:33:01] ✅ 识别文本: ✅ 本地文件 recording.mp3 已成功上传至TOS
✅ 提交语音识别任务，任务ID: cc4d733e-dc34-45e5-81b6-595033501fe6
✅ 任务提交成功，状态码: 20000000
任务日志ID: 2025062416325887FA21886EC1FD19978B

⏳ 等待语音识别结果... (每1秒查询一次)
ℹ️ 查询任务状态，状态码: 20000001
任务消息: [Processing in progress] Handle response: Start Processing

ℹ️ 查询任务状态，状态码: 20000000
任务消息: OK


✅ 语音识别完成！结果如下：
我想要去眼科。
[2025-06-24 16:33:01] 开始科室推荐...
[2025-06-24 16:33:05] 清理临时文件...
[2025-06-24 16:33:05] ✅ 清理完成
[2025-06-24 16:33:05] ===== 处理完成 =====
[2025-06-24 16:34:38] 尝试终止旧的导航节点（send_goal_node）...
[2025-06-24 16:34:38] 启动目标文件监听服务...
[2025-06-24 16:34:38] 开始录音 (5秒)...
[2025-06-24 16:34:43] ✅ 录音完成: recording.mp3
[2025-06-24 16:34:43] 开始语音识别...
[2025-06-24 16:34:48] ✅ 识别文本: ✅ 本地文件 recording.mp3 已成功上传至TOS
✅ 提交语音识别任务，任务ID: 2d8771e4-0d21-424b-9420-2264bf16c95c
✅ 任务提交成功，状态码: 20000000
任务日志ID: 20250624163445D043480C2DAC1A410E5A

⏳ 等待语音识别结果... (每1秒查询一次)
ℹ️ 查询任务状态，状态码: 20000001
任务消息: [Processing in progress] Handle response: Start Processing

ℹ️ 查询任务状态，状态码: 20000000
任务消息: OK


✅ 语音识别完成！结果如下：
我想要去骨科。
[2025-06-24 16:34:48] 开始科室推荐...
[2025-06-24 16:34:52] 清理临时文件...
[2025-06-24 16:34:52] ✅ 清理完成
[2025-06-24 16:34:52] ===== 处理完成 =====
[2025-06-24 16:35:50] 尝试终止旧的导航节点（send_goal_node）...
[2025-06-24 16:35:50] 启动目标文件监听服务...
[2025-06-24 16:35:50] 开始录音 (5秒)...
[2025-06-24 16:35:55] ✅ 录音完成: recording.mp3
[2025-06-24 16:35:55] 开始语音识别...
[2025-06-24 16:36:01] ✅ 识别文本: ✅ 本地文件 recording.mp3 已成功上传至TOS
✅ 提交语音识别任务，任务ID: b840064d-8dea-497e-952e-37c1f46f96d9
✅ 任务提交成功，状态码: 20000000
任务日志ID: 20250624163559490415ADBC43441920B7

⏳ 等待语音识别结果... (每1秒查询一次)
ℹ️ 查询任务状态，状态码: 20000001
任务消息: [Processing in progress] Handle response: Start Processing

ℹ️ 查询任务状态，状态码: 20000000
任务消息: OK


✅ 语音识别完成！结果如下：
我的眼睛有点不太舒服。
[2025-06-24 16:36:01] 开始科室推荐...
[2025-06-24 16:36:05] 清理临时文件...
[2025-06-24 16:36:05] ✅ 清理完成
[2025-06-24 16:36:05] ===== 处理完成 =====
[2025-06-28 16:48:11] 尝试终止旧的导航节点（send_goal_node）...
[2025-06-28 16:48:11] 启动目标文件监听服务...
[2025-06-28 16:48:11] 开始录音 (5秒)...
[2025-06-28 16:48:16] ✅ 录音完成: /root/voice_id/recording.mp3
[2025-06-28 16:48:16] 开始语音识别...
[2025-06-28 16:48:22] ✅ 识别文本: ✅ 本地文件 /root/voice_id/recording.mp3 已成功上传至TOS
✅ 提交语音识别任务，任务ID: 43ae45da-ced6-49f3-aa6d-ed2789b5fc69
✅ 任务提交成功，状态码: 20000000
任务日志ID: 202506281648211C29B4A8AD44F7FD2E71

⏳ 等待语音识别结果... (每1秒查询一次)
ℹ️ 查询任务状态，状态码: 20000000
任务消息: OK


✅ 语音识别完成！结果如下：
带我去眼科诊室。
[2025-06-28 16:48:22] 开始科室推荐...
[2025-06-28 16:48:28] 清理临时文件...
[2025-06-28 16:48:28] ✅ 清理完成
[2025-06-28 16:48:28] ===== 处理完成 =====
[2025-06-28 16:54:25] 尝试终止旧的导航节点（send_goal_node）...
[2025-06-28 16:54:25] 启动目标文件监听服务...
[2025-06-28 16:54:25] 开始录音 (5秒)...
[2025-06-28 16:54:30] ✅ 录音完成: /root/voice_id/recording.mp3
[2025-06-28 16:54:30] 开始语音识别...
[2025-06-28 16:54:34] ✅ 识别文本: ✅ 本地文件 /root/voice_id/recording.mp3 已成功上传至TOS
✅ 提交语音识别任务，任务ID: b6e170d2-c693-4d9d-8cba-0e593a1e92b6
✅ 任务提交成功，状态码: 20000000
任务日志ID: 202506281654337CCDC16523262128337E

⏳ 等待语音识别结果... (每1秒查询一次)
ℹ️ 查询任务状态，状态码: 20000000
任务消息: OK


✅ 语音识别完成！结果如下：
带我去眼科诊室。
[2025-06-28 16:54:34] 开始科室推荐...
[2025-06-28 16:54:38] 清理临时文件...
[2025-06-28 16:54:38] ✅ 清理完成
[2025-06-28 16:54:38] ===== 处理完成 =====
[2025-06-28 16:56:57] 尝试终止旧的导航节点（send_goal_node）...
[2025-06-28 16:56:57] 启动目标文件监听服务...
[2025-06-28 16:56:57] 开始录音 (5秒)...
[2025-06-28 16:57:03] ✅ 录音完成: /root/voice_id/recording.mp3
[2025-06-28 16:57:03] 开始语音识别...
[2025-06-28 16:57:08] ✅ 识别文本: ✅ 本地文件 /root/voice_id/recording.mp3 已成功上传至TOS
✅ 提交语音识别任务，任务ID: c6726c4f-fe78-446d-9aff-cdfccf12658b
✅ 任务提交成功，状态码: 20000000
任务日志ID: 202506281657065B471408558343296226

⏳ 等待语音识别结果... (每1秒查询一次)
ℹ️ 查询任务状态，状态码: 20000001
任务消息: [Processing in progress] Handle response: Start Processing

ℹ️ 查询任务状态，状态码: 20000000
任务消息: OK


✅ 语音识别完成！结果如下：
带我去眼科诊室。
[2025-06-28 16:57:08] 开始科室推荐...
[2025-06-28 16:57:12] 清理临时文件...
[2025-06-28 16:57:12] ✅ 清理完成
[2025-06-28 16:57:12] ===== 处理完成 =====
[2025-06-28 16:59:04] 尝试终止旧的导航节点（send_goal_node）...
[2025-06-28 16:59:04] 启动目标文件监听服务...
[2025-06-28 16:59:04] 开始录音 (5秒)...
[2025-06-28 16:59:09] ✅ 录音完成: /root/voice_id/recording.mp3
[2025-06-28 16:59:09] 开始语音识别...
[2025-06-28 16:59:15] ✅ 识别文本: ✅ 本地文件 /root/voice_id/recording.mp3 已成功上传至TOS
✅ 提交语音识别任务，任务ID: 89107986-4549-4023-99a1-fc189d58f8fd
✅ 任务提交成功，状态码: 20000000
任务日志ID: 20250628165912210D8226315826FA1F7E

⏳ 等待语音识别结果... (每1秒查询一次)
ℹ️ 查询任务状态，状态码: 20000001
任务消息: [Processing in progress] Handle response: Start Processing

ℹ️ 查询任务状态，状态码: 20000000
任务消息: OK


✅ 语音识别完成！结果如下：
带我去眼科诊室。
[2025-06-28 16:59:15] 开始科室推荐...
[2025-06-28 16:59:19] 清理临时文件...
[2025-06-28 16:59:19] ✅ 清理完成
[2025-06-28 16:59:19] ===== 处理完成 =====
[2025-06-28 17:00:28] 尝试终止旧的导航节点（send_goal_node）...
[2025-06-28 17:00:28] 启动目标文件监听服务...
[2025-06-28 17:00:28] 开始录音 (5秒)...
[2025-06-28 17:00:33] ✅ 录音完成: /root/voice_id/recording.mp3
[2025-06-28 17:00:33] 开始语音识别...
[2025-06-28 17:00:40] ✅ 识别文本: ✅ 本地文件 /root/voice_id/recording.mp3 已成功上传至TOS
✅ 提交语音识别任务，任务ID: 39d1233d-3847-44da-9aa6-425dcc1edc41
✅ 任务提交成功，状态码: 20000000
任务日志ID: 202506281700376A6C51D43A0B34F890F0

⏳ 等待语音识别结果... (每1秒查询一次)
ℹ️ 查询任务状态，状态码: 20000001
任务消息: [Processing in progress] Handle response: Start Processing

ℹ️ 查询任务状态，状态码: 20000000
任务消息: OK


✅ 语音识别完成！结果如下：
带我去眼科诊室。
[2025-06-28 17:00:40] 开始科室推荐...
[2025-06-28 17:00:44] 清理临时文件...
[2025-06-28 17:00:44] ✅ 清理完成
[2025-06-28 17:00:44] ===== 处理完成 =====
[2025-06-28 17:05:05] 尝试终止旧的导航节点（send_goal_node）...
[2025-06-28 17:05:05] 启动目标文件监听服务...
[2025-06-28 17:05:05] 开始录音 (5秒)...
[2025-06-28 17:05:10] ✅ 录音完成: /root/voice_id/recording.mp3
[2025-06-28 17:05:10] 开始语音识别...
[2025-06-28 17:05:14] ✅ 识别文本: ✅ 本地文件 /root/voice_id/recording.mp3 已成功上传至TOS
✅ 提交语音识别任务，任务ID: 267f54e4-1b8c-455a-9b4d-e511b3aa6d20
✅ 任务提交成功，状态码: 20000000
任务日志ID: 20250628170513E6FD26F257AE08C59D45

⏳ 等待语音识别结果... (每1秒查询一次)
ℹ️ 查询任务状态，状态码: 20000000
任务消息: OK


✅ 语音识别完成！结果如下：
带我去眼科诊室。
[2025-06-28 17:05:14] 开始科室推荐...
[2025-06-28 17:05:19] 清理临时文件...
[2025-06-28 17:05:19] ✅ 清理完成
[2025-06-28 17:05:19] ===== 处理完成 =====
[2025-06-28 17:24:32] 尝试终止旧的导航节点（send_goal_node）...
[2025-06-28 17:24:33] 启动目标文件监听服务...
[2025-06-28 17:24:33] 开始录音 (5秒)...
[2025-06-28 17:24:38] ✅ 录音完成: /root/voice_id/recording.mp3
[2025-06-28 17:24:38] 开始语音识别...
[2025-06-28 17:24:42] ✅ 识别文本: ✅ 本地文件 /root/voice_id/recording.mp3 已成功上传至TOS
✅ 提交语音识别任务，任务ID: 1f4f1e68-5aed-4ba2-9466-b1c168611b03
✅ 任务提交成功，状态码: 20000000
任务日志ID: 202506281724418E46A7A747C71FADA156

⏳ 等待语音识别结果... (每1秒查询一次)
ℹ️ 查询任务状态，状态码: 20000000
任务消息: OK


✅ 语音识别完成！结果如下：
带我去眼科诊室。
[2025-06-28 17:24:42] 开始科室推荐...
[2025-06-28 17:24:47] 清理临时文件...
[2025-06-28 17:24:47] ✅ 清理完成
[2025-06-28 17:24:47] ===== 处理完成 =====
[2025-06-28 17:27:26] 尝试终止旧的导航节点（send_goal_node）...
[2025-06-28 17:27:27] 启动目标文件监听服务...
[2025-06-28 17:27:27] 开始录音 (5秒)...
[2025-06-28 17:27:32] ✅ 录音完成: /root/voice_id/recording.mp3
[2025-06-28 17:27:32] 开始语音识别...
[2025-06-28 17:27:37] ✅ 识别文本: ✅ 本地文件 /root/voice_id/recording.mp3 已成功上传至TOS
✅ 提交语音识别任务，任务ID: 7bbc977a-d0f4-4d49-8133-def500f58322
✅ 任务提交成功，状态码: 20000000
任务日志ID: 20250628172735E88DDB7D4F0B266A9DB6

⏳ 等待语音识别结果... (每1秒查询一次)
ℹ️ 查询任务状态，状态码: 20000001
任务消息: [Processing in progress] Handle response: Start Processing

ℹ️ 查询任务状态，状态码: 20000000
任务消息: OK


✅ 语音识别完成！结果如下：
带我去妇产科诊室。
[2025-06-28 17:27:37] 开始科室推荐...
[2025-06-28 17:27:41] 清理临时文件...
[2025-06-28 17:27:41] ✅ 清理完成
[2025-06-28 17:27:41] ===== 处理完成 =====
[2025-06-28 17:30:54] 尝试终止旧的导航节点（send_goal_node）...
[2025-06-28 17:30:54] 启动目标文件监听服务...
[2025-06-28 17:30:54] 开始录音 (5秒)...
[2025-06-28 17:30:59] ✅ 录音完成: /root/voice_id/recording.mp3
[2025-06-28 17:30:59] 开始语音识别...
[2025-06-28 17:31:05] ✅ 识别文本: ✅ 本地文件 /root/voice_id/recording.mp3 已成功上传至TOS
✅ 提交语音识别任务，任务ID: 733d885a-740a-4ffe-9a62-bf21d499df11
✅ 任务提交成功，状态码: 20000000
任务日志ID: 20250628173102A2C11B0C57983FAE4DBC

⏳ 等待语音识别结果... (每1秒查询一次)
ℹ️ 查询任务状态，状态码: 20000001
任务消息: [Processing in progress] Handle response: Start Processing

ℹ️ 查询任务状态，状态码: 20000000
任务消息: OK


✅ 语音识别完成！结果如下：
带我去眼科诊室。
[2025-06-28 17:31:05] 开始科室推荐...
[2025-06-28 17:31:10] 清理临时文件...
[2025-06-28 17:31:10] ✅ 清理完成
[2025-06-28 17:31:10] ===== 处理完成 =====
[2025-06-28 17:31:31] 尝试终止旧的导航节点（send_goal_node）...
[2025-06-28 17:31:31] 启动目标文件监听服务...
[2025-06-28 17:31:31] 开始录音 (5秒)...
[2025-06-28 17:31:36] ✅ 录音完成: /root/voice_id/recording.mp3
[2025-06-28 17:31:36] 开始语音识别...
[2025-06-28 17:31:40] ✅ 识别文本: ✅ 本地文件 /root/voice_id/recording.mp3 已成功上传至TOS
✅ 提交语音识别任务，任务ID: 05a4c4fa-6d46-4e5d-b94d-c8f0acd8148a
✅ 任务提交成功，状态码: 20000000
任务日志ID: 202506281731390CC4FA827086CD2928C5

⏳ 等待语音识别结果... (每1秒查询一次)
ℹ️ 查询任务状态，状态码: 20000003
任务消息: [Normal silence audio] Handle response: no valid speech in audio


❌ 语音识别任务失败，请检查配置或文件格式
[2025-06-28 17:31:40] 开始科室推荐...
[2025-06-28 17:31:44] 清理临时文件...
[2025-06-28 17:31:44] ✅ 清理完成
[2025-06-28 17:31:44] ===== 处理完成 =====
[2025-06-28 17:31:54] 尝试终止旧的导航节点（send_goal_node）...
[2025-06-28 17:31:54] 启动目标文件监听服务...
[2025-06-28 17:31:54] 开始录音 (5秒)...
[2025-06-28 17:31:56] 尝试终止旧的导航节点（send_goal_node）...
[2025-06-28 17:31:56] 启动目标文件监听服务...
[2025-06-28 17:31:56] 开始录音 (5秒)...
[2025-06-28 17:31:57] 尝试终止旧的导航节点（send_goal_node）...
[2025-06-28 17:31:57] 启动目标文件监听服务...
[2025-06-28 17:31:57] 开始录音 (5秒)...
[2025-06-28 17:31:57] 尝试终止旧的导航节点（send_goal_node）...
[2025-06-28 17:31:57] 启动目标文件监听服务...
[2025-06-28 17:31:57] 开始录音 (5秒)...
[2025-06-28 17:31:57] 尝试终止旧的导航节点（send_goal_node）...
[2025-06-28 17:31:57] 启动目标文件监听服务...
[2025-06-28 17:31:57] 开始录音 (5秒)...
[2025-06-28 17:31:57] 尝试终止旧的导航节点（send_goal_node）...
[2025-06-28 17:31:57] 启动目标文件监听服务...
[2025-06-28 17:31:57] 开始录音 (5秒)...
[2025-06-28 17:31:57] 尝试终止旧的导航节点（send_goal_node）...
[2025-06-28 17:31:57] 启动目标文件监听服务...
[2025-06-28 17:31:57] 开始录音 (5秒)...
[2025-06-28 17:31:59] ✅ 录音完成: /root/voice_id/recording.mp3
[2025-06-28 17:31:59] 开始语音识别...
[2025-06-28 17:32:03] ✅ 识别文本: ✅ 本地文件 /root/voice_id/recording.mp3 已成功上传至TOS
✅ 提交语音识别任务，任务ID: fd0c6517-cfe2-4186-b6a3-277c0ca39c51
✅ 任务提交成功，状态码: 20000000
任务日志ID: 202506281732023272ABFC6972192B30B7

⏳ 等待语音识别结果... (每1秒查询一次)
ℹ️ 查询任务状态，状态码: 20000003
任务消息: [Normal silence audio] Handle response: no valid speech in audio


❌ 语音识别任务失败，请检查配置或文件格式
[2025-06-28 17:32:03] 开始科室推荐...
[2025-06-28 17:32:04] ✅ 录音完成: /root/voice_id/recording.mp3
[2025-06-28 17:32:04] 开始语音识别...
[2025-06-28 17:32:08] 清理临时文件...
[2025-06-28 17:32:08] ✅ 清理完成
[2025-06-28 17:32:08] ===== 处理完成 =====
[2025-06-28 17:32:09] ✅ 识别文本: ✅ 本地文件 /root/voice_id/recording.mp3 已成功上传至TOS
✅ 提交语音识别任务，任务ID: c5962f5c-c9b1-433d-97b9-51c6492d9f36
✅ 任务提交成功，状态码: 20000000
任务日志ID: 2025062817320740167DF99A9A95FD5238

⏳ 等待语音识别结果... (每1秒查询一次)
ℹ️ 查询任务状态，状态码: 20000003
任务消息: [Normal silence audio] Handle response: no valid speech in audio


❌ 语音识别任务失败，请检查配置或文件格式
[2025-06-28 17:32:09] 开始科室推荐...
[2025-06-28 17:32:09] ✅ 录音完成: /root/voice_id/recording.mp3
[2025-06-28 17:32:09] 开始语音识别...
[2025-06-28 17:32:11] ✅ 识别文本: ❌ TOS上传失败（客户端错误）: invalid file path, the file does not exist
[2025-06-28 17:32:11] 开始科室推荐...
[2025-06-28 17:32:13] 清理临时文件...
[2025-06-28 17:32:13] ✅ 清理完成
[2025-06-28 17:32:13] ===== 处理完成 =====
[2025-06-28 17:32:15] ✅ 录音完成: /root/voice_id/recording.mp3
[2025-06-28 17:32:15] 开始语音识别...
[2025-06-28 17:32:15] 清理临时文件...
[2025-06-28 17:32:15] ✅ 清理完成
[2025-06-28 17:32:15] ===== 处理完成 =====
[2025-06-28 17:32:16] ✅ 识别文本: ❌ TOS上传失败（客户端错误）: invalid file path, the file does not exist
[2025-06-28 17:32:16] 开始科室推荐...
[2025-06-28 17:32:20] ✅ 录音完成: /root/voice_id/recording.mp3
[2025-06-28 17:32:20] 开始语音识别...
[2025-06-28 17:32:21] 清理临时文件...
[2025-06-28 17:32:21] ✅ 清理完成
[2025-06-28 17:32:21] ===== 处理完成 =====
[2025-06-28 17:32:21] ✅ 识别文本: ❌ TOS上传失败（客户端错误）: invalid file path, the file does not exist
[2025-06-28 17:32:21] 开始科室推荐...
[2025-06-28 17:32:25] ✅ 录音完成: /root/voice_id/recording.mp3
[2025-06-28 17:32:25] 开始语音识别...
[2025-06-28 17:32:26] 清理临时文件...
[2025-06-28 17:32:26] ✅ 清理完成
[2025-06-28 17:32:26] ===== 处理完成 =====
[2025-06-28 17:32:26] ✅ 识别文本: ❌ TOS上传失败（客户端错误）: invalid file path, the file does not exist
[2025-06-28 17:32:26] 开始科室推荐...
[2025-06-28 17:32:30] ✅ 录音完成: /root/voice_id/recording.mp3
[2025-06-28 17:32:30] 开始语音识别...
[2025-06-28 17:32:31] 清理临时文件...
[2025-06-28 17:32:31] ✅ 清理完成
[2025-06-28 17:32:31] ===== 处理完成 =====
[2025-06-28 17:32:31] ✅ 识别文本: ❌ TOS上传失败（客户端错误）: invalid file path, the file does not exist
[2025-06-28 17:32:31] 开始科室推荐...
[2025-06-28 17:32:36] 清理临时文件...
[2025-06-28 17:32:36] ✅ 清理完成
[2025-06-28 17:32:36] ===== 处理完成 =====
[2025-06-28 17:32:50] 尝试终止旧的导航节点（send_goal_node）...
[2025-06-28 17:32:50] 启动目标文件监听服务...
[2025-06-28 17:32:50] 开始录音 (5秒)...
[2025-06-28 17:32:55] ✅ 录音完成: /root/voice_id/recording.mp3
[2025-06-28 17:32:55] 开始语音识别...
[2025-06-28 17:33:01] ✅ 识别文本: ✅ 本地文件 /root/voice_id/recording.mp3 已成功上传至TOS
✅ 提交语音识别任务，任务ID: c38c7715-149a-4191-a36e-941b51617fc7
✅ 任务提交成功，状态码: 20000000
任务日志ID: 20250628173258434E75B6179A3C29458A

⏳ 等待语音识别结果... (每1秒查询一次)
ℹ️ 查询任务状态，状态码: 20000001
任务消息: [Processing in progress] Handle response: Start Processing

ℹ️ 查询任务状态，状态码: 20000000
任务消息: OK


✅ 语音识别完成！结果如下：
带我去眼科诊室。
[2025-06-28 17:33:01] 开始科室推荐...
[2025-06-28 17:33:06] 清理临时文件...
[2025-06-28 17:33:06] ✅ 清理完成
[2025-06-28 17:33:06] ===== 处理完成 =====
[2025-06-28 17:33:20] 尝试终止旧的导航节点（send_goal_node）...
[2025-06-28 17:33:20] 启动目标文件监听服务...
[2025-06-28 17:33:20] 开始录音 (5秒)...
[2025-06-28 17:33:25] ✅ 录音完成: /root/voice_id/recording.mp3
[2025-06-28 17:33:25] 开始语音识别...
[2025-06-28 17:33:29] ✅ 识别文本: ✅ 本地文件 /root/voice_id/recording.mp3 已成功上传至TOS
✅ 提交语音识别任务，任务ID: 166a44b3-41ff-4287-8381-53147fa10193
✅ 任务提交成功，状态码: 20000000
任务日志ID: 20250628173328B57098EAD197680D5462

⏳ 等待语音识别结果... (每1秒查询一次)
ℹ️ 查询任务状态，状态码: 20000000
任务消息: OK


✅ 语音识别完成！结果如下：
带我去妇产科诊室。
[2025-06-28 17:33:29] 开始科室推荐...
[2025-06-28 17:33:34] 清理临时文件...
[2025-06-28 17:33:34] ✅ 清理完成
[2025-06-28 17:33:34] ===== 处理完成 =====
[2025-06-28 20:05:00] 尝试终止旧的导航节点（send_goal_node）...
[2025-06-28 20:05:00] 启动目标文件监听服务...
[2025-06-28 20:05:00] 开始录音 (5秒)...
[2025-06-28 20:05:05] ✅ 录音完成: /root/voice_id/recording.mp3
[2025-06-28 20:05:05] 开始语音识别...
[2025-06-28 20:05:10] ✅ 识别文本: ✅ 本地文件 /root/voice_id/recording.mp3 已成功上传至TOS
✅ 提交语音识别任务，任务ID: 509f8c56-7b2f-4ebd-bda2-53c098fa4b79
✅ 任务提交成功，状态码: 20000000
任务日志ID: 202506282005096B4A670D408BFAB6576B

⏳ 等待语音识别结果... (每1秒查询一次)
ℹ️ 查询任务状态，状态码: 20000003
任务消息: [Normal silence audio] Handle response: no valid speech in audio


❌ 语音识别任务失败，请检查配置或文件格式
[2025-06-28 20:05:10] 开始科室推荐...
[2025-06-28 20:05:15] 清理临时文件...
[2025-06-28 20:05:15] ✅ 清理完成
[2025-06-28 20:05:15] ===== 处理完成 =====
[2025-06-28 20:05:50] 尝试终止旧的导航节点（send_goal_node）...
[2025-06-28 20:05:50] 启动目标文件监听服务...
[2025-06-28 20:05:50] 开始录音 (5秒)...
[2025-06-28 20:05:55] ✅ 录音完成: /root/voice_id/recording.mp3
[2025-06-28 20:05:55] 开始语音识别...
[2025-06-28 20:06:00] ✅ 识别文本: ✅ 本地文件 /root/voice_id/recording.mp3 已成功上传至TOS
✅ 提交语音识别任务，任务ID: b05d8bfc-5dbe-4e01-8de3-426dc887d642
✅ 任务提交成功，状态码: 20000000
任务日志ID: 20250628200559483C0C86F7FEAC004A1E

⏳ 等待语音识别结果... (每1秒查询一次)
ℹ️ 查询任务状态，状态码: 20000003
任务消息: [Normal silence audio] Handle response: no valid speech in audio


❌ 语音识别任务失败，请检查配置或文件格式
[2025-06-28 20:06:00] 开始科室推荐...
[2025-06-28 20:06:06] 清理临时文件...
[2025-06-28 20:06:06] ✅ 清理完成
[2025-06-28 20:06:06] ===== 处理完成 =====
[2025-06-28 20:07:35] 尝试终止旧的导航节点（send_goal_node）...
[2025-06-28 20:07:35] 启动目标文件监听服务...
[2025-06-28 20:07:35] 开始录音 (5秒)...
[2025-06-28 20:07:40] ✅ 录音完成: /root/voice_id/recording.mp3
[2025-06-28 20:07:40] 开始语音识别...
[2025-06-28 20:07:46] ✅ 识别文本: ✅ 本地文件 /root/voice_id/recording.mp3 已成功上传至TOS
✅ 提交语音识别任务，任务ID: f97bae98-cf3d-42fd-90a8-8eaced1a7dd1
✅ 任务提交成功，状态码: 20000000
任务日志ID: 20250628200743DE30B16BDB034531B243

⏳ 等待语音识别结果... (每1秒查询一次)
ℹ️ 查询任务状态，状态码: 20000001
任务消息: [Processing in progress] Handle response: Start Processing

ℹ️ 查询任务状态，状态码: 20000000
任务消息: OK


✅ 语音识别完成！结果如下：
去眼科诊室。
[2025-06-28 20:07:46] 开始科室推荐...
[2025-06-28 20:07:51] 清理临时文件...
[2025-06-28 20:07:51] ✅ 清理完成
[2025-06-28 20:07:51] ===== 处理完成 =====
[2025-06-28 20:09:10] 尝试终止旧的导航节点（send_goal_node）...
[2025-06-28 20:09:10] 启动目标文件监听服务...
[2025-06-28 20:09:10] 开始录音 (5秒)...
[2025-06-28 20:09:15] ✅ 录音完成: /root/voice_id/recording.mp3
[2025-06-28 20:09:15] 开始语音识别...
[2025-06-28 20:09:20] ✅ 识别文本: ✅ 本地文件 /root/voice_id/recording.mp3 已成功上传至TOS
✅ 提交语音识别任务，任务ID: 98a5f333-b741-4f82-b46d-b135ab64537c
✅ 任务提交成功，状态码: 20000000
任务日志ID: 20250628200918644BAF8B2311B1F45549

⏳ 等待语音识别结果... (每1秒查询一次)
ℹ️ 查询任务状态，状态码: 20000001
任务消息: [Processing in progress] Handle response: Start Processing

ℹ️ 查询任务状态，状态码: 20000003
任务消息: [Normal silence audio] Handle response: no valid speech in audio


❌ 语音识别任务失败，请检查配置或文件格式
[2025-06-28 20:09:20] 开始科室推荐...
[2025-06-28 20:09:25] 清理临时文件...
[2025-06-28 20:09:25] ✅ 清理完成
[2025-06-28 20:09:25] ===== 处理完成 =====
[2025-06-28 20:09:48] 尝试终止旧的导航节点（send_goal_node）...
[2025-06-28 20:09:48] 启动目标文件监听服务...
[2025-06-28 20:09:48] 开始录音 (5秒)...
[2025-06-28 20:09:53] ✅ 录音完成: /root/voice_id/recording.mp3
[2025-06-28 20:09:53] 开始语音识别...
[2025-06-28 20:09:59] ✅ 识别文本: ✅ 本地文件 /root/voice_id/recording.mp3 已成功上传至TOS
✅ 提交语音识别任务，任务ID: ee9893cd-50a9-4495-9a22-1d29d833411d
✅ 任务提交成功，状态码: 20000000
任务日志ID: 202506282009560357EE79DAD58404E792

⏳ 等待语音识别结果... (每1秒查询一次)
ℹ️ 查询任务状态，状态码: 20000001
任务消息: [Processing in progress] Handle response: Start Processing

ℹ️ 查询任务状态，状态码: 20000003
任务消息: [Normal silence audio] Handle response: no valid speech in audio


❌ 语音识别任务失败，请检查配置或文件格式
[2025-06-28 20:09:59] 开始科室推荐...
[2025-06-28 20:10:03] 清理临时文件...
[2025-06-28 20:10:03] ✅ 清理完成
[2025-06-28 20:10:03] ===== 处理完成 =====
[2025-06-28 20:10:48] 尝试终止旧的导航节点（send_goal_node）...
[2025-06-28 20:10:48] 启动目标文件监听服务...
[2025-06-28 20:10:48] 开始录音 (5秒)...
[2025-06-28 20:10:53] ✅ 录音完成: /root/voice_id/recording.mp3
[2025-06-28 20:10:53] 开始语音识别...
[2025-06-28 20:11:00] ✅ 识别文本: ✅ 本地文件 /root/voice_id/recording.mp3 已成功上传至TOS
✅ 提交语音识别任务，任务ID: 12d96dc4-4df2-4bcc-8825-000327ca8306
✅ 任务提交成功，状态码: 20000000
任务日志ID: 2025062820105796FEFCFD5A505FB2F511

⏳ 等待语音识别结果... (每1秒查询一次)
ℹ️ 查询任务状态，状态码: 20000001
任务消息: [Processing in progress] Handle response: Start Processing

ℹ️ 查询任务状态，状态码: 20000000
任务消息: OK


✅ 语音识别完成！结果如下：
去妇产科诊室。
[2025-06-28 20:11:00] 开始科室推荐...
[2025-06-28 20:11:04] 清理临时文件...
[2025-06-28 20:11:04] ✅ 清理完成
[2025-06-28 20:11:04] ===== 处理完成 =====
[2025-06-28 20:12:11] 尝试终止旧的导航节点（send_goal_node）...
[2025-06-28 20:12:11] 启动目标文件监听服务...
[2025-06-28 20:12:11] 开始录音 (5秒)...
[2025-06-28 20:12:16] ✅ 录音完成: /root/voice_id/recording.mp3
[2025-06-28 20:12:16] 开始语音识别...
[2025-06-28 20:12:22] ✅ 识别文本: ✅ 本地文件 /root/voice_id/recording.mp3 已成功上传至TOS
✅ 提交语音识别任务，任务ID: e4494312-d503-475e-b004-e76acf71dab8
✅ 任务提交成功，状态码: 20000000
任务日志ID: 2025062820121996D4CB51C215B7B462D6

⏳ 等待语音识别结果... (每1秒查询一次)
ℹ️ 查询任务状态，状态码: 20000001
任务消息: [Processing in progress] Handle response: Start Processing

ℹ️ 查询任务状态，状态码: 20000000
任务消息: OK


✅ 语音识别完成！结果如下：
带我去骨科诊室。
[2025-06-28 20:12:22] 开始科室推荐...
[2025-06-28 20:12:26] 清理临时文件...
[2025-06-28 20:12:26] ✅ 清理完成
[2025-06-28 20:12:26] ===== 处理完成 =====
[2025-06-28 20:13:34] 尝试终止旧的导航节点（send_goal_node）...
[2025-06-28 20:13:34] 启动目标文件监听服务...
[2025-06-28 20:13:34] 开始录音 (5秒)...
[2025-06-28 20:13:39] ✅ 录音完成: /root/voice_id/recording.mp3
[2025-06-28 20:13:39] 开始语音识别...
[2025-06-28 20:13:45] ✅ 识别文本: ✅ 本地文件 /root/voice_id/recording.mp3 已成功上传至TOS
✅ 提交语音识别任务，任务ID: 37d8d0d0-af3f-4634-a0c9-79e91694b3be
✅ 任务提交成功，状态码: 20000000
任务日志ID: 20250628201342DE075A98730566B4D181

⏳ 等待语音识别结果... (每1秒查询一次)
ℹ️ 查询任务状态，状态码: 20000001
任务消息: [Processing in progress] Handle response: Start Processing

ℹ️ 查询任务状态，状态码: 20000000
任务消息: OK


✅ 语音识别完成！结果如下：
带我去眼科诊室。
[2025-06-28 20:13:45] 开始科室推荐...
[2025-06-28 20:13:50] 清理临时文件...
[2025-06-28 20:13:50] ✅ 清理完成
[2025-06-28 20:13:50] ===== 处理完成 =====
[2025-06-28 20:14:46] 尝试终止旧的导航节点（send_goal_node）...
[2025-06-28 20:14:46] 启动目标文件监听服务...
[2025-06-28 20:14:46] 开始录音 (5秒)...
[2025-06-28 20:14:51] ✅ 录音完成: /root/voice_id/recording.mp3
[2025-06-28 20:14:51] 开始语音识别...
[2025-06-28 20:14:56] ✅ 识别文本: ✅ 本地文件 /root/voice_id/recording.mp3 已成功上传至TOS
✅ 提交语音识别任务，任务ID: 63b15c41-2941-4c73-888f-926b99e0191a
✅ 任务提交成功，状态码: 20000000
任务日志ID: 202506282014556A7411B0AE959535F093

⏳ 等待语音识别结果... (每1秒查询一次)
ℹ️ 查询任务状态，状态码: 20000003
任务消息: [Normal silence audio] Handle response: no valid speech in audio


❌ 语音识别任务失败，请检查配置或文件格式
[2025-06-28 20:14:56] 开始科室推荐...
[2025-06-28 20:15:01] 清理临时文件...
[2025-06-28 20:15:01] ✅ 清理完成
[2025-06-28 20:15:01] ===== 处理完成 =====
[2025-06-28 20:15:36] 尝试终止旧的导航节点（send_goal_node）...
[2025-06-28 20:15:36] 启动目标文件监听服务...
[2025-06-28 20:15:36] 开始录音 (5秒)...
[2025-06-28 20:15:42] ✅ 录音完成: /root/voice_id/recording.mp3
[2025-06-28 20:15:42] 开始语音识别...
[2025-06-28 20:15:48] ✅ 识别文本: ✅ 本地文件 /root/voice_id/recording.mp3 已成功上传至TOS
✅ 提交语音识别任务，任务ID: 5c4ec0b3-4a38-44ad-b888-3e961a86288b
✅ 任务提交成功，状态码: 20000000
任务日志ID: 20250628201545AD7379814E6492FFEF94

⏳ 等待语音识别结果... (每1秒查询一次)
ℹ️ 查询任务状态，状态码: 20000001
任务消息: [Processing in progress] Handle response: Start Processing

ℹ️ 查询任务状态，状态码: 20000000
任务消息: OK


✅ 语音识别完成！结果如下：
我去骨科诊室。
[2025-06-28 20:15:48] 开始科室推荐...
[2025-06-28 20:15:52] 清理临时文件...
[2025-06-28 20:15:52] ✅ 清理完成
[2025-06-28 20:15:52] ===== 处理完成 =====
[2025-06-28 20:30:12] 尝试终止旧的导航节点（send_goal_node）...
[2025-06-28 20:30:12] 启动目标文件监听服务...
[2025-06-28 20:30:12] 开始录音 (5秒)...
[2025-06-28 20:30:18] ✅ 录音完成: /root/voice_id/recording.mp3
[2025-06-28 20:30:18] 开始语音识别...
[2025-06-28 20:30:22] ✅ 识别文本: ✅ 本地文件 /root/voice_id/recording.mp3 已成功上传至TOS
✅ 提交语音识别任务，任务ID: 9495eedc-01b2-44da-a6ae-15c318d3f067
✅ 任务提交成功，状态码: 20000000
任务日志ID: 20250628203021EEF2B06249A8C2B5165F

⏳ 等待语音识别结果... (每1秒查询一次)
ℹ️ 查询任务状态，状态码: 20000003
任务消息: [Normal silence audio] Handle response: no valid speech in audio


❌ 语音识别任务失败，请检查配置或文件格式
[2025-06-28 20:30:22] 开始科室推荐...
[2025-06-28 20:30:26] 清理临时文件...
[2025-06-28 20:30:26] ✅ 清理完成
[2025-06-28 20:30:26] ===== 处理完成 =====
[2025-06-28 20:31:52] 尝试终止旧的导航节点（send_goal_node）...
[2025-06-28 20:31:52] 启动目标文件监听服务...
[2025-06-28 20:31:52] 开始录音 (5秒)...
[2025-06-28 20:31:57] ✅ 录音完成: /root/voice_id/recording.mp3
[2025-06-28 20:31:57] 开始语音识别...
[2025-06-28 20:32:01] ✅ 识别文本: ✅ 本地文件 /root/voice_id/recording.mp3 已成功上传至TOS
✅ 提交语音识别任务，任务ID: db28045c-31b3-47a2-89bf-0ecd812b0491
✅ 任务提交成功，状态码: 20000000
任务日志ID: 2025062820320087AD108A4D63B6CD0E11

⏳ 等待语音识别结果... (每1秒查询一次)
ℹ️ 查询任务状态，状态码: 20000003
任务消息: [Normal silence audio] Handle response: no valid speech in audio


❌ 语音识别任务失败，请检查配置或文件格式
[2025-06-28 20:32:01] 开始科室推荐...
[2025-06-28 20:32:06] 清理临时文件...
[2025-06-28 20:32:06] ✅ 清理完成
[2025-06-28 20:32:06] ===== 处理完成 =====
[2025-06-28 20:33:34] 尝试终止旧的导航节点（send_goal_node）...
[2025-06-28 20:33:34] 启动目标文件监听服务...
[2025-06-28 20:33:34] 开始录音 (5秒)...
[2025-06-28 20:33:39] ✅ 录音完成: /root/voice_id/recording.mp3
[2025-06-28 20:33:39] 开始语音识别...
[2025-06-28 20:33:44] ✅ 识别文本: ✅ 本地文件 /root/voice_id/recording.mp3 已成功上传至TOS
✅ 提交语音识别任务，任务ID: 7a342fa6-4381-47f5-a148-fe795a097c5c
✅ 任务提交成功，状态码: 20000000
任务日志ID: 202506282033429BC44B6566BBF2337513

⏳ 等待语音识别结果... (每1秒查询一次)
ℹ️ 查询任务状态，状态码: 20000001
任务消息: [Processing in progress] Handle response: Start Processing

ℹ️ 查询任务状态，状态码: 20000000
任务消息: OK


✅ 语音识别完成！结果如下：
我想要去骨科诊室。
[2025-06-28 20:33:44] 开始科室推荐...
[2025-06-28 20:33:49] 清理临时文件...
[2025-06-28 20:33:49] ✅ 清理完成
[2025-06-28 20:33:49] ===== 处理完成 =====
[2025-06-28 20:36:09] 尝试终止旧的导航节点（send_goal_node）...
[2025-06-28 20:36:09] 启动目标文件监听服务...
[2025-06-28 20:36:09] 开始录音 (5秒)...
[2025-06-28 20:36:14] ✅ 录音完成: /root/voice_id/recording.mp3
[2025-06-28 20:36:14] 开始语音识别...
[2025-06-28 20:36:20] ✅ 识别文本: ✅ 本地文件 /root/voice_id/recording.mp3 已成功上传至TOS
✅ 提交语音识别任务，任务ID: 3190d993-ed7c-46f0-a543-216c871f1230
✅ 任务提交成功，状态码: 20000000
任务日志ID: 202506282036176A57EF9936EB16056DAD

⏳ 等待语音识别结果... (每1秒查询一次)
ℹ️ 查询任务状态，状态码: 20000001
任务消息: [Processing in progress] Handle response: Start Processing

ℹ️ 查询任务状态，状态码: 20000000
任务消息: OK


✅ 语音识别完成！结果如下：
我想要去。
[2025-06-28 20:36:20] 开始科室推荐...
[2025-06-28 20:36:24] 清理临时文件...
[2025-06-28 20:36:24] ✅ 清理完成
[2025-06-28 20:36:24] ===== 处理完成 =====
[2025-06-28 20:38:54] 尝试终止旧的导航节点（send_goal_node）...
[2025-06-28 20:38:54] 启动目标文件监听服务...
[2025-06-28 20:38:54] 开始录音 (5秒)...
[2025-06-28 20:38:59] ✅ 录音完成: /root/voice_id/recording.mp3
[2025-06-28 20:38:59] 开始语音识别...
[2025-06-28 20:39:05] ✅ 识别文本: ✅ 本地文件 /root/voice_id/recording.mp3 已成功上传至TOS
✅ 提交语音识别任务，任务ID: 0ad9965d-ee53-4e2c-81e2-12ed21cdaed8
✅ 任务提交成功，状态码: 20000000
任务日志ID: 20250628203902A0894704C01749812287

⏳ 等待语音识别结果... (每1秒查询一次)
ℹ️ 查询任务状态，状态码: 20000001
任务消息: [Processing in progress] Handle response: Start Processing

ℹ️ 查询任务状态，状态码: 20000000
任务消息: OK


✅ 语音识别完成！结果如下：
我想要去骨科诊室。
[2025-06-28 20:39:05] 开始科室推荐...
[2025-06-28 20:39:09] 清理临时文件...
[2025-06-28 20:39:09] ✅ 清理完成
[2025-06-28 20:39:09] ===== 处理完成 =====
[2025-06-28 20:45:22] 尝试终止旧的导航节点（send_goal_node）...
[2025-06-28 20:45:22] 启动目标文件监听服务...
[2025-06-28 20:45:22] 开始录音 (5秒)...
[2025-06-28 20:45:27] ✅ 录音完成: /root/voice_id/recording.mp3
[2025-06-28 20:45:27] 开始语音识别...
[2025-06-28 20:45:33] ✅ 识别文本: ✅ 本地文件 /root/voice_id/recording.mp3 已成功上传至TOS
✅ 提交语音识别任务，任务ID: c3960b62-873f-44af-b128-e1bea72a9b64
✅ 任务提交成功，状态码: 20000000
任务日志ID: 20250628204530AFEC57C34B34E0BB3985

⏳ 等待语音识别结果... (每1秒查询一次)
ℹ️ 查询任务状态，状态码: 20000003
任务消息: [Normal silence audio] Handle response: no valid speech in audio


❌ 语音识别任务失败，请检查配置或文件格式
[2025-06-28 20:45:33] 开始科室推荐...
[2025-06-28 20:45:38] 清理临时文件...
[2025-06-28 20:45:38] ✅ 清理完成
[2025-06-28 20:45:38] ===== 处理完成 =====
[2025-06-28 22:06:44] 尝试终止旧的导航节点（send_goal_node）...
[2025-06-28 22:06:44] 启动目标文件监听服务...
[2025-06-28 22:06:44] 开始录音 (5秒)...
[2025-06-28 22:06:49] ✅ 录音完成: /root/voice_id/recording.mp3
[2025-06-28 22:06:49] 开始语音识别...
[2025-06-28 22:06:56] ✅ 识别文本: ✅ 本地文件 /root/voice_id/recording.mp3 已成功上传至TOS
✅ 提交语音识别任务，任务ID: 84e3395a-fdfb-4ad4-87c1-4e17091c8c07
✅ 任务提交成功，状态码: 20000000
任务日志ID: 20250628220653FDF29815F7A387C0B75A

⏳ 等待语音识别结果... (每1秒查询一次)
ℹ️ 查询任务状态，状态码: 20000001
任务消息: [Processing in progress] Handle response: Start Processing

ℹ️ 查询任务状态，状态码: 20000000
任务消息: OK


✅ 语音识别完成！结果如下：
带我去牙科诊室。
[2025-06-28 22:06:56] 开始科室推荐...
[2025-06-28 22:07:01] 清理临时文件...
[2025-06-28 22:07:01] ✅ 清理完成
[2025-06-28 22:07:01] ===== 处理完成 =====
[2025-06-28 22:07:51] 尝试终止旧的导航节点（send_goal_node）...
[2025-06-28 22:07:51] 启动目标文件监听服务...
[2025-06-28 22:07:51] 开始录音 (5秒)...
[2025-06-28 22:07:56] ✅ 录音完成: /root/voice_id/recording.mp3
[2025-06-28 22:07:56] 开始语音识别...
[2025-06-28 22:08:02] ✅ 识别文本: ✅ 本地文件 /root/voice_id/recording.mp3 已成功上传至TOS
✅ 提交语音识别任务，任务ID: 31e0ba73-de3e-4945-a1ad-ed02ca8af886
✅ 任务提交成功，状态码: 20000000
任务日志ID: 2025062822075936D98F933C78B73C30F2

⏳ 等待语音识别结果... (每1秒查询一次)
ℹ️ 查询任务状态，状态码: 20000001
任务消息: [Processing in progress] Handle response: Start Processing

ℹ️ 查询任务状态，状态码: 20000000
任务消息: OK


✅ 语音识别完成！结果如下：
那我去骨科诊所。
[2025-06-28 22:08:02] 开始科室推荐...
[2025-06-28 22:08:06] 清理临时文件...
[2025-06-28 22:08:06] ✅ 清理完成
[2025-06-28 22:08:06] ===== 处理完成 =====
[2025-06-28 22:08:35] 尝试终止旧的导航节点（send_goal_node）...
[2025-06-28 22:08:35] 启动目标文件监听服务...
[2025-06-28 22:08:35] 开始录音 (5秒)...
[2025-06-28 22:08:40] ✅ 录音完成: /root/voice_id/recording.mp3
[2025-06-28 22:08:40] 开始语音识别...
[2025-06-28 22:08:46] ✅ 识别文本: ✅ 本地文件 /root/voice_id/recording.mp3 已成功上传至TOS
✅ 提交语音识别任务，任务ID: 3afe0a9c-05b8-4ac9-875c-2f6fd3a38c7d
✅ 任务提交成功，状态码: 20000000
任务日志ID: 20250628220843E601819959942C390DEB

⏳ 等待语音识别结果... (每1秒查询一次)
ℹ️ 查询任务状态，状态码: 20000001
任务消息: [Processing in progress] Handle response: Start Processing

ℹ️ 查询任务状态，状态码: 20000000
任务消息: OK


✅ 语音识别完成！结果如下：
我想要去眼科诊室。
[2025-06-28 22:08:46] 开始科室推荐...
[2025-06-28 22:08:51] 清理临时文件...
[2025-06-28 22:08:51] ✅ 清理完成
[2025-06-28 22:08:51] ===== 处理完成 =====
[2025-06-28 22:09:29] 尝试终止旧的导航节点（send_goal_node）...
[2025-06-28 22:09:29] 启动目标文件监听服务...
[2025-06-28 22:09:29] 开始录音 (5秒)...
[2025-06-28 22:09:34] ✅ 录音完成: /root/voice_id/recording.mp3
[2025-06-28 22:09:34] 开始语音识别...
[2025-06-28 22:09:39] ✅ 识别文本: ✅ 本地文件 /root/voice_id/recording.mp3 已成功上传至TOS
✅ 提交语音识别任务，任务ID: ec602058-5f7d-4b0b-8efc-bf8e849277be
✅ 任务提交成功，状态码: 20000000
任务日志ID: 202506282209378C50FE0C3B55F4D085B7

⏳ 等待语音识别结果... (每1秒查询一次)
ℹ️ 查询任务状态，状态码: 20000000
任务消息: OK


✅ 语音识别完成！结果如下：
带我去骨科诊室。
[2025-06-28 22:09:39] 开始科室推荐...
[2025-06-28 22:09:43] 清理临时文件...
[2025-06-28 22:09:43] ✅ 清理完成
[2025-06-28 22:09:43] ===== 处理完成 =====
[2025-06-29 20:04:11] 尝试终止旧的导航节点（send_goal_node）...
[2025-06-29 20:04:11] 启动目标文件监听服务...
[2025-06-29 20:04:11] 开始录音 (5秒)...
[2025-06-29 20:04:11] ✅ 录音完成: /root/voice_id/recording.mp3
[2025-06-29 20:04:11] 开始语音识别...
high latency request: exec httpCode: 200, requestId: 610001612bbddde868612bbd-bd4689b-1uVqlZ-PuO-cb-tos-1az-front-aza-1, usedTime: 0.7514233759998206 s
[2025-06-29 20:04:14] ✅ 识别文本: ✅ 本地文件 /root/voice_id/recording.mp3 已成功上传至TOS
✅ 提交语音识别任务，任务ID: 4558eab3-cbc1-4928-aedc-6c148ce87b91
✅ 任务提交成功，状态码: 20000000
任务日志ID: 20250629200413EFCC0D3D56BDC930D7EF

⏳ 等待语音识别结果... (每1秒查询一次)
ℹ️ 查询任务状态，状态码: 45000002
任务消息: [Empty audio] OperatorWrapper Process failed: invalid argument,empty audio


❌ 语音识别任务失败，请检查配置或文件格式
[2025-06-29 20:04:14] 开始科室推荐...
[2025-06-29 20:04:19] 清理临时文件...
[2025-06-29 20:04:19] ✅ 清理完成
[2025-06-29 20:04:19] ===== 处理完成 =====
[2025-07-02 16:01:54] 尝试终止旧的导航节点（send_goal_node）...
[2025-07-02 16:01:54] 启动目标文件监听服务...
[2025-07-02 16:01:54] 开始录音 (5秒)...
[2025-07-02 16:01:59] ✅ 录音完成: /root/voice_id/recording.mp3
[2025-07-02 16:01:59] 开始语音识别...
Traceback (most recent call last):
  File "/root/voice_id/mp3_to_text.py", line 5, in <module>
    import requests
ModuleNotFoundError: No module named 'requests'
[2025-07-02 16:01:59] ❌ 错误: 语音识别失败或结果为空
[2025-07-02 16:02:19] 尝试终止旧的导航节点（send_goal_node）...
[2025-07-02 16:02:19] 启动目标文件监听服务...
[2025-07-02 16:02:19] 开始录音 (5秒)...
[2025-07-02 16:02:24] ✅ 录音完成: /root/voice_id/recording.mp3
[2025-07-02 16:02:24] 开始语音识别...
Traceback (most recent call last):
  File "/root/voice_id/mp3_to_text.py", line 5, in <module>
    import requests
ModuleNotFoundError: No module named 'requests'
[2025-07-02 16:02:25] ❌ 错误: 语音识别失败或结果为空
[2025-07-02 16:24:53] 尝试终止旧的导航节点（send_goal_node）...
[2025-07-02 16:24:53] 启动目标文件监听服务...
[2025-07-02 16:24:53] 开始录音 (5秒)...
[2025-07-02 16:24:58] ✅ 录音完成: /root/voice_id/recording.mp3
[2025-07-02 16:24:58] 开始语音识别...
[2025-07-02 16:25:04] ✅ 识别文本: ✅ 本地文件 /root/voice_id/recording.mp3 已成功上传至TOS
✅ 提交语音识别任务，任务ID: 106765a7-a694-42ec-a011-4567b7b0c7fa
✅ 任务提交成功，状态码: 20000000
任务日志ID: 20250702162501B2C3586BC5339916C2B2

⏳ 等待语音识别结果... (每1秒查询一次)
ℹ️ 查询任务状态，状态码: 20000001
任务消息: [Processing in progress] Handle response: Start Processing

ℹ️ 查询任务状态，状态码: 20000000
任务消息: OK


✅ 语音识别完成！结果如下：
我想去骨科。但是直播推
[2025-07-02 16:25:04] 开始科室推荐...
[2025-07-02 16:25:04] 清理临时文件...
[2025-07-02 16:25:04] ✅ 清理完成
[2025-07-02 16:25:04] ===== 处理完成 =====
[2025-07-02 16:26:16] 尝试终止旧的导航节点（send_goal_node）...
[2025-07-02 16:26:16] 启动目标文件监听服务...
[2025-07-02 16:26:16] 开始录音 (5秒)...
[2025-07-02 16:26:21] ✅ 录音完成: /root/voice_id/recording.mp3
[2025-07-02 16:26:21] 开始语音识别...
[2025-07-02 16:26:27] ✅ 识别文本: ✅ 本地文件 /root/voice_id/recording.mp3 已成功上传至TOS
✅ 提交语音识别任务，任务ID: 068c27be-3c11-4770-ab22-b1eb7b7d1075
✅ 任务提交成功，状态码: 20000000
任务日志ID: 202507021626247CCDC1652326211808FA

⏳ 等待语音识别结果... (每1秒查询一次)
ℹ️ 查询任务状态，状态码: 20000001
任务消息: [Processing in progress] Handle response: Start Processing

ℹ️ 查询任务状态，状态码: 20000000
任务消息: OK


✅ 语音识别完成！结果如下：
我想要去骨科。
[2025-07-02 16:26:27] 开始科室推荐...
[2025-07-02 16:26:32] 清理临时文件...
[2025-07-02 16:26:32] ✅ 清理完成
[2025-07-02 16:26:32] ===== 处理完成 =====
[2025-07-05 17:22:45] 尝试终止旧的导航节点（send_goal_node）...
[2025-07-05 17:22:45] 启动目标文件监听服务...
[2025-07-05 17:22:45] 开始录音 (5秒)...
[2025-07-05 17:22:50] ✅ 录音完成: /root/voice_id/recording.mp3
[2025-07-05 17:22:50] 开始语音识别...
[2025-07-05 17:22:57] ✅ 识别文本: ✅ 本地文件 /root/voice_id/recording.mp3 已成功上传至TOS
✅ 提交语音识别任务，任务ID: d2fcbd30-80d5-419a-8b57-77c19a68f80f
✅ 任务提交成功，状态码: 20000000
任务日志ID: 202507051722535F9FAFADA303475B5374

⏳ 等待语音识别结果... (每1秒查询一次)
ℹ️ 查询任务状态，状态码: 20000001
任务消息: [Processing in progress] Handle response: Start Processing

ℹ️ 查询任务状态，状态码: 20000000
任务消息: OK


✅ 语音识别完成！结果如下：
我想要去骨科诊室。
[2025-07-05 17:22:57] 开始科室推荐...
[2025-07-05 17:23:04] 清理临时文件...
[2025-07-05 17:23:04] ✅ 清理完成
[2025-07-05 17:23:04] ===== 处理完成 =====
[2025-07-05 17:23:54] 尝试终止旧的导航节点（send_goal_node）...
[2025-07-05 17:23:54] 启动目标文件监听服务...
[2025-07-05 17:23:54] 开始录音 (5秒)...
[2025-07-05 17:23:59] ✅ 录音完成: /root/voice_id/recording.mp3
[2025-07-05 17:23:59] 开始语音识别...
[2025-07-05 17:24:04] ✅ 识别文本: ✅ 本地文件 /root/voice_id/recording.mp3 已成功上传至TOS
✅ 提交语音识别任务，任务ID: 14fa94f2-d560-46d0-82e8-ccd2026eec44
✅ 任务提交成功，状态码: 20000000
任务日志ID: 20250705172401E6E60F9C0B682E799001

⏳ 等待语音识别结果... (每1秒查询一次)
ℹ️ 查询任务状态，状态码: 20000001
任务消息: [Processing in progress] Handle response: Start Processing

ℹ️ 查询任务状态，状态码: 20000000
任务消息: OK


✅ 语音识别完成！结果如下：
我想要去眼科诊室。
[2025-07-05 17:24:04] 开始科室推荐...
[2025-07-05 17:24:11] 清理临时文件...
[2025-07-05 17:24:11] ✅ 清理完成
[2025-07-05 17:24:11] ===== 处理完成 =====
[2025-07-05 17:29:21] 尝试终止旧的导航节点（send_goal_node）...
[2025-07-05 17:29:21] 启动目标文件监听服务...
[2025-07-05 17:29:21] 开始录音 (5秒)...
[2025-07-05 17:29:27] ✅ 录音完成: /root/voice_id/recording.mp3
[2025-07-05 17:29:27] 开始语音识别...
[2025-07-05 17:29:33] ✅ 识别文本: ✅ 本地文件 /root/voice_id/recording.mp3 已成功上传至TOS
✅ 提交语音识别任务，任务ID: 0f09aabb-305d-4ff2-92eb-a217cacae506
✅ 任务提交成功，状态码: 20000000
任务日志ID: 202507051729309CE20BDA6C7EB26ECCDD

⏳ 等待语音识别结果... (每1秒查询一次)
ℹ️ 查询任务状态，状态码: 20000001
任务消息: [Processing in progress] Handle response: Start Processing

ℹ️ 查询任务状态，状态码: 20000000
任务消息: OK


✅ 语音识别完成！结果如下：
我想要去骨科诊室。
[2025-07-05 17:29:33] 开始科室推荐...
[2025-07-05 17:29:39] 清理临时文件...
[2025-07-05 17:29:39] ✅ 清理完成
[2025-07-05 17:29:39] ===== 处理完成 =====
[2025-07-05 17:46:12] 尝试终止旧的导航节点（send_goal_node）...
[2025-07-05 17:46:12] 启动目标文件监听服务...
[2025-07-05 17:46:12] 开始录音 (5秒)...
[2025-07-05 17:46:17] ✅ 录音完成: /root/voice_id/recording.mp3
[2025-07-05 17:46:17] 开始语音识别...
[2025-07-05 17:46:23] ✅ 识别文本: ✅ 本地文件 /root/voice_id/recording.mp3 已成功上传至TOS
✅ 提交语音识别任务，任务ID: 9d4c4d5b-9125-4503-9fd4-d9fc4385eac5
✅ 任务提交成功，状态码: 20000000
任务日志ID: 20250705174620F75D7F572603B75EBF6B

⏳ 等待语音识别结果... (每1秒查询一次)
ℹ️ 查询任务状态，状态码: 20000001
任务消息: [Processing in progress] Handle response: Start Processing

ℹ️ 查询任务状态，状态码: 20000000
任务消息: OK


✅ 语音识别完成！结果如下：
我想要去骨科。
[2025-07-05 17:46:23] 开始科室推荐...
[2025-07-05 17:46:29] 清理临时文件...
[2025-07-05 17:46:29] ✅ 清理完成
[2025-07-05 17:46:29] ===== 处理完成 =====
[2025-07-05 18:03:27] 尝试终止旧的导航节点（send_goal_node）...
[2025-07-05 18:03:27] 启动目标文件监听服务...
[2025-07-05 18:03:27] 开始录音 (5秒)...
[2025-07-05 18:03:32] ✅ 录音完成: /root/voice_id/recording.mp3
[2025-07-05 18:03:32] 开始语音识别...
[2025-07-05 18:03:38] ✅ 识别文本: ✅ 本地文件 /root/voice_id/recording.mp3 已成功上传至TOS
✅ 提交语音识别任务，任务ID: a8a51987-36d7-48be-a4e0-db6040dc2fb0
✅ 任务提交成功，状态码: 20000000
任务日志ID: 20250705180336F778C6B381511E95B27E

⏳ 等待语音识别结果... (每1秒查询一次)
ℹ️ 查询任务状态，状态码: 20000001
任务消息: [Processing in progress] Handle response: Start Processing

ℹ️ 查询任务状态，状态码: 20000003
任务消息: [Normal silence audio] Handle response: no valid speech in audio


❌ 语音识别任务失败，请检查配置或文件格式
[2025-07-05 18:03:38] 开始科室推荐...
[2025-07-05 18:03:45] 清理临时文件...
[2025-07-05 18:03:45] ✅ 清理完成
[2025-07-05 18:03:45] ===== 处理完成 =====
[2025-07-05 18:05:29] 尝试终止旧的导航节点（send_goal_node）...
[2025-07-05 18:05:30] 启动目标文件监听服务...
[2025-07-05 18:05:30] 开始录音 (5秒)...
[2025-07-05 18:05:35] ✅ 录音完成: /root/voice_id/recording.mp3
[2025-07-05 18:05:35] 开始语音识别...
[2025-07-05 18:05:40] ✅ 识别文本: ✅ 本地文件 /root/voice_id/recording.mp3 已成功上传至TOS
✅ 提交语音识别任务，任务ID: 508b74c5-8258-40fe-9007-ba09e4a3aabe
✅ 任务提交成功，状态码: 20000000
任务日志ID: 20250705180538BE6ABBE471CBD2723550

⏳ 等待语音识别结果... (每1秒查询一次)
ℹ️ 查询任务状态，状态码: 20000003
任务消息: [Normal silence audio] Handle response: no valid speech in audio


❌ 语音识别任务失败，请检查配置或文件格式
[2025-07-05 18:05:40] 开始科室推荐...
[2025-07-05 18:05:48] 清理临时文件...
[2025-07-05 18:05:48] ✅ 清理完成
[2025-07-05 18:05:48] ===== 处理完成 =====
[2025-07-05 18:09:56] 尝试终止旧的导航节点（send_goal_node）...
[2025-07-05 18:09:56] 启动目标文件监听服务...
[2025-07-05 18:09:56] 开始录音 (5秒)...
[2025-07-05 18:10:01] ✅ 录音完成: /root/voice_id/recording.mp3
[2025-07-05 18:10:01] 开始语音识别...
[2025-07-05 18:10:06] ✅ 识别文本: ✅ 本地文件 /root/voice_id/recording.mp3 已成功上传至TOS
✅ 提交语音识别任务，任务ID: 075bd803-077f-4122-a458-c681e30717fc
✅ 任务提交成功，状态码: 20000000
任务日志ID: 202507051810052FC224E9AC7BB78DCBA3

⏳ 等待语音识别结果... (每1秒查询一次)
ℹ️ 查询任务状态，状态码: 20000003
任务消息: [Normal silence audio] Handle response: no valid speech in audio


❌ 语音识别任务失败，请检查配置或文件格式
[2025-07-05 18:10:06] 开始科室推荐...
[2025-07-05 18:10:12] 清理临时文件...
[2025-07-05 18:10:12] ✅ 清理完成
[2025-07-05 18:10:12] ===== 处理完成 =====
[2025-07-05 18:18:56] 尝试终止旧的导航节点（send_goal_node）...
[2025-07-05 18:18:56] 启动目标文件监听服务...
[2025-07-05 18:18:56] 开始录音 (5秒)...
[2025-07-05 18:19:01] ✅ 录音完成: /root/voice_id/recording.mp3
[2025-07-05 18:19:01] 开始语音识别...
[2025-07-05 18:19:06] ✅ 识别文本: ✅ 本地文件 /root/voice_id/recording.mp3 已成功上传至TOS
✅ 提交语音识别任务，任务ID: 2094517c-5c56-48a2-b856-6282ec9d659a
✅ 任务提交成功，状态码: 20000000
任务日志ID: 20250705181904CF67F6275E71C29324BC

⏳ 等待语音识别结果... (每1秒查询一次)
ℹ️ 查询任务状态，状态码: 20000003
任务消息: [Normal silence audio] Handle response: no valid speech in audio


❌ 语音识别任务失败，请检查配置或文件格式
[2025-07-05 18:19:06] 开始科室推荐...
[2025-07-05 18:19:15] 清理临时文件...
[2025-07-05 18:19:15] ✅ 清理完成
[2025-07-05 18:19:15] ===== 处理完成 =====
[2025-07-07 12:24:45] 尝试终止旧的导航节点（send_goal_node）...
[2025-07-07 12:24:45] 开始录音 (5秒)...
[2025-07-07 12:24:50] ✅ 录音完成: /root/voice_id/recording.mp3
[2025-07-07 12:24:50] 开始语音识别...
[2025-07-07 12:24:55] ✅ 识别文本: ✅ 本地文件 /root/voice_id/recording.mp3 已成功上传至TOS
✅ 提交语音识别任务，任务ID: 3cd3b077-deab-478a-92ea-f4bbaaa54146
✅ 任务提交成功，状态码: 20000000
任务日志ID: 2025070712245313053D994DB42AC9816E

⏳ 等待语音识别结果... (每1秒查询一次)
ℹ️ 查询任务状态，状态码: 20000000
任务消息: OK


✅ 语音识别完成！结果如下：
我要去内科。
[2025-07-07 12:24:55] 开始科室推荐...
[2025-07-07 12:25:00] 清理临时文件...
[2025-07-07 12:25:00] ✅ 清理完成
[2025-07-07 12:25:00] ===== 处理完成 =====
[2025-07-07 12:28:12] 尝试终止旧的导航节点（send_goal_node）...
[2025-07-07 12:28:12] 开始录音 (5秒)...
[2025-07-07 12:28:17] ✅ 录音完成: /root/voice_id/recording.mp3
[2025-07-07 12:28:17] 开始语音识别...
[2025-07-07 12:28:23] ✅ 识别文本: ✅ 本地文件 /root/voice_id/recording.mp3 已成功上传至TOS
✅ 提交语音识别任务，任务ID: e161b8ca-cd42-4990-93e4-b6174075cde8
✅ 任务提交成功，状态码: 20000000
任务日志ID: 202507071228204F22CEFD076B88AB36AA

⏳ 等待语音识别结果... (每1秒查询一次)
ℹ️ 查询任务状态，状态码: 20000001
任务消息: [Processing in progress] Handle response: Start Processing

ℹ️ 查询任务状态，状态码: 20000000
任务消息: OK


✅ 语音识别完成！结果如下：
即将开始导航。
[2025-07-07 12:28:23] 开始科室推荐...
[2025-07-07 12:28:30] 清理临时文件...
[2025-07-07 12:28:30] ✅ 清理完成
[2025-07-07 12:28:30] ===== 处理完成 =====
[2025-07-07 12:29:27] 尝试终止旧的导航节点（send_goal_node）...
[2025-07-07 12:29:27] 开始录音 (5秒)...
[2025-07-07 12:29:32] ✅ 录音完成: /root/voice_id/recording.mp3
[2025-07-07 12:29:32] 开始语音识别...
[2025-07-07 12:29:39] ✅ 识别文本: ✅ 本地文件 /root/voice_id/recording.mp3 已成功上传至TOS
✅ 提交语音识别任务，任务ID: 7224c5db-3644-4d26-880a-2d3bd8240e7e
✅ 任务提交成功，状态码: 20000000
任务日志ID: 2025070712293692E097B037C921C5B499

⏳ 等待语音识别结果... (每1秒查询一次)
ℹ️ 查询任务状态，状态码: 20000001
任务消息: [Processing in progress] Handle response: Start Processing

ℹ️ 查询任务状态，状态码: 20000000
任务消息: OK


✅ 语音识别完成！结果如下：
即将开始导航。
[2025-07-07 12:29:39] 开始科室推荐...
[2025-07-07 12:29:45] 清理临时文件...
[2025-07-07 12:29:45] ✅ 清理完成
[2025-07-07 12:29:45] ===== 处理完成 =====
[2025-07-07 12:33:45] 尝试终止旧的导航节点（send_goal_node）...
[2025-07-07 12:33:45] 开始录音 (5秒)...
[2025-07-07 12:33:50] ✅ 录音完成: /root/voice_id/recording.mp3
[2025-07-07 12:33:50] 开始语音识别...
[2025-07-07 12:33:54] ✅ 识别文本: ✅ 本地文件 /root/voice_id/recording.mp3 已成功上传至TOS
✅ 提交语音识别任务，任务ID: d7e3ee51-3bd7-4e81-8336-9da06ca8807d
✅ 任务提交成功，状态码: 20000000
任务日志ID: 20250707123353D5A8B3DAE8AF6CFBDF62

⏳ 等待语音识别结果... (每1秒查询一次)
ℹ️ 查询任务状态，状态码: 20000000
任务消息: OK


✅ 语音识别完成！结果如下：
即将开始。
[2025-07-07 12:33:54] 开始科室推荐...
[2025-07-07 12:34:01] 清理临时文件...
[2025-07-07 12:34:01] ✅ 清理完成
[2025-07-07 12:34:01] ===== 处理完成 =====
[2025-07-07 12:35:35] 尝试终止旧的导航节点（send_goal_node）...
[2025-07-07 12:35:35] 开始录音 (5秒)...
[2025-07-07 12:35:40] ✅ 录音完成: /root/voice_id/recording.mp3
[2025-07-07 12:35:40] 开始语音识别...
[2025-07-07 12:35:44] ✅ 识别文本: ✅ 本地文件 /root/voice_id/recording.mp3 已成功上传至TOS
✅ 提交语音识别任务，任务ID: 27b1a927-4aea-4d39-89a5-45c3c418b2ca
✅ 任务提交成功，状态码: 20000000
任务日志ID: 20250707123543AD47F8862034D6C4B68C

⏳ 等待语音识别结果... (每1秒查询一次)
ℹ️ 查询任务状态，状态码: 20000003
任务消息: [Normal silence audio] Handle response: no valid speech in audio


❌ 语音识别任务失败，请检查配置或文件格式
[2025-07-07 12:35:44] 开始科室推荐...
[2025-07-07 12:35:51] 清理临时文件...
[2025-07-07 12:35:51] ✅ 清理完成
[2025-07-07 12:35:51] ===== 处理完成 =====
[2025-07-07 12:38:27] 尝试终止旧的导航节点（send_goal_node）...
[2025-07-07 12:38:27] 开始录音 (5秒)...
[2025-07-07 12:38:32] ✅ 录音完成: /root/voice_id/recording.mp3
[2025-07-07 12:38:32] 开始语音识别...
[2025-07-07 12:38:38] ✅ 识别文本: ✅ 本地文件 /root/voice_id/recording.mp3 已成功上传至TOS
✅ 提交语音识别任务，任务ID: c141c415-5751-4b98-966a-697e24aba3a1
✅ 任务提交成功，状态码: 20000000
任务日志ID: 2025070712383545B34DCCB68888013AA4

⏳ 等待语音识别结果... (每1秒查询一次)
ℹ️ 查询任务状态，状态码: 20000001
任务消息: [Processing in progress] Handle response: Start Processing

ℹ️ 查询任务状态，状态码: 20000000
任务消息: OK


✅ 语音识别完成！结果如下：
我要去内科我要去内科我要去内
[2025-07-07 12:38:38] 开始科室推荐...
[2025-07-07 12:38:45] 清理临时文件...
[2025-07-07 12:38:45] ✅ 清理完成
[2025-07-07 12:38:45] ===== 处理完成 =====
[2025-07-07 15:07:36] 尝试终止旧的导航节点（send_goal_node）...
[2025-07-07 15:07:36] 开始录音 (5秒)...
[2025-07-07 15:07:41] ✅ 录音完成: /root/voice_id/recording.mp3
[2025-07-07 15:07:41] 开始语音识别...
[2025-07-07 15:07:46] ✅ 识别文本: ✅ 本地文件 /root/voice_id/recording.mp3 已成功上传至TOS
✅ 提交语音识别任务，任务ID: c2db5a7a-7071-45a4-ba51-90c25df7a23c
✅ 任务提交成功，状态码: 20000000
任务日志ID: 20250707150745555442142E521204F330

⏳ 等待语音识别结果... (每1秒查询一次)
ℹ️ 查询任务状态，状态码: 20000003
任务消息: [Normal silence audio] Handle response: no valid speech in audio


❌ 语音识别任务失败，请检查配置或文件格式
[2025-07-07 15:07:46] 开始科室推荐...
[2025-07-07 15:07:54] 清理临时文件...
[2025-07-07 15:07:54] ✅ 清理完成
[2025-07-07 15:07:54] ===== 处理完成 =====
[2025-07-07 15:08:37] 尝试终止旧的导航节点（send_goal_node）...
[2025-07-07 15:08:38] 开始录音 (5秒)...
[2025-07-07 15:08:43] ✅ 录音完成: /root/voice_id/recording.mp3
[2025-07-07 15:08:43] 开始语音识别...
[2025-07-07 15:08:48] ✅ 识别文本: ✅ 本地文件 /root/voice_id/recording.mp3 已成功上传至TOS
✅ 提交语音识别任务，任务ID: 62568945-3cad-4b65-8fc6-3fe9f38161a3
✅ 任务提交成功，状态码: 20000000
任务日志ID: 20250707150845C0F2579C8F8BD0D193CE

⏳ 等待语音识别结果... (每1秒查询一次)
ℹ️ 查询任务状态，状态码: 20000001
任务消息: [Processing in progress] Handle response: Start Processing

ℹ️ 查询任务状态，状态码: 20000003
任务消息: [Normal silence audio] Handle response: no valid speech in audio


❌ 语音识别任务失败，请检查配置或文件格式
[2025-07-07 15:08:48] 开始科室推荐...
[2025-07-07 15:08:55] 清理临时文件...
[2025-07-07 15:08:55] ✅ 清理完成
[2025-07-07 15:08:55] ===== 处理完成 =====
[2025-07-07 15:09:35] 尝试终止旧的导航节点（send_goal_node）...
[2025-07-07 15:09:35] 开始录音 (5秒)...
[2025-07-07 15:09:40] ✅ 录音完成: /root/voice_id/recording.mp3
[2025-07-07 15:09:40] 开始语音识别...
[2025-07-07 15:09:46] ✅ 识别文本: ✅ 本地文件 /root/voice_id/recording.mp3 已成功上传至TOS
✅ 提交语音识别任务，任务ID: c5a97100-2aa5-424b-9933-a421d1ce62fe
✅ 任务提交成功，状态码: 20000000
任务日志ID: 202507071509438A4C8DDEE7CB57CC1339

⏳ 等待语音识别结果... (每1秒查询一次)
ℹ️ 查询任务状态，状态码: 20000001
任务消息: [Processing in progress] Handle response: Start Processing

ℹ️ 查询任务状态，状态码: 20000000
任务消息: OK


✅ 语音识别完成！结果如下：
拉屎有点疼痛。
[2025-07-07 15:09:46] 开始科室推荐...
[2025-07-07 15:09:53] 清理临时文件...
[2025-07-07 15:09:53] ✅ 清理完成
[2025-07-07 15:09:53] ===== 处理完成 =====
[2025-07-07 15:10:43] 尝试终止旧的导航节点（send_goal_node）...
[2025-07-07 15:10:43] 开始录音 (5秒)...
[2025-07-07 15:10:48] ✅ 录音完成: /root/voice_id/recording.mp3
[2025-07-07 15:10:48] 开始语音识别...
[2025-07-07 15:10:54] ✅ 识别文本: ✅ 本地文件 /root/voice_id/recording.mp3 已成功上传至TOS
✅ 提交语音识别任务，任务ID: bfc28070-54e6-47e3-b0f9-acb6b326f442
✅ 任务提交成功，状态码: 20000000
任务日志ID: 20250707151051894638C850117FAE2994

⏳ 等待语音识别结果... (每1秒查询一次)
ℹ️ 查询任务状态，状态码: 20000001
任务消息: [Processing in progress] Handle response: Start Processing

ℹ️ 查询任务状态，状态码: 20000000
任务消息: OK


✅ 语音识别完成！结果如下：
的牙齿有点疼痛。
[2025-07-07 15:10:54] 开始科室推荐...
[2025-07-07 15:11:01] 清理临时文件...
[2025-07-07 15:11:01] ✅ 清理完成
[2025-07-07 15:11:01] ===== 处理完成 =====
[2025-07-07 15:46:21] 尝试终止旧的导航节点（send_goal_node）...
[2025-07-07 15:46:21] 开始录音 (5秒)...
[2025-07-07 15:46:26] ✅ 录音完成: /root/voice_id/recording.mp3
[2025-07-07 15:46:26] 开始语音识别...
[2025-07-07 15:46:32] ✅ 识别文本: ✅ 本地文件 /root/voice_id/recording.mp3 已成功上传至TOS
✅ 提交语音识别任务，任务ID: 4d3aa487-bbb3-4257-9316-6e66c97a5421
✅ 任务提交成功，状态码: 20000000
任务日志ID: 2025070715462952D1214A7ADB5CB1E356

⏳ 等待语音识别结果... (每1秒查询一次)
ℹ️ 查询任务状态，状态码: 20000001
任务消息: [Processing in progress] Handle response: Start Processing

ℹ️ 查询任务状态，状态码: 20000000
任务消息: OK


✅ 语音识别完成！结果如下：
去看中医。
[2025-07-07 15:46:32] 开始科室推荐...
[2025-07-07 15:46:40] 清理临时文件...
[2025-07-07 15:46:40] ✅ 清理完成
[2025-07-07 15:46:40] ===== 处理完成 =====
